<?xml version="1.0" encoding="UTF-8"?>
<testsuite xmlns:xsi="http://www.w3.org/2001/XMLSchema-instance" xsi:noNamespaceSchemaLocation="https://maven.apache.org/surefire/maven-surefire-plugin/xsd/surefire-test-report.xsd" name="com.ion.AppTest" time="0.024" tests="1" errors="0" skipped="0" failures="0">
  <properties>
    <property name="sun.desktop" value="windows"/>
    <property name="awt.toolkit" value="sun.awt.windows.WToolkit"/>
    <property name="file.encoding.pkg" value="sun.io"/>
    <property name="java.specification.version" value="1.8"/>
    <property name="sun.cpu.isalist" value="amd64"/>
    <property name="sun.jnu.encoding" value="Cp1252"/>
    <property name="java.class.path" value="C:\Users\kanav.chawla\OneDrive - ION\Desktop\assignment\RailwayReservationSystem\target\test-classes;C:\Users\kanav.chawla\OneDrive - ION\Desktop\assignment\RailwayReservationSystem\target\classes;C:\Users\kanav.chawla\.m2\repository\junit\junit\4.11\junit-4.11.jar;C:\Users\kanav.chawla\.m2\repository\org\hamcrest\hamcrest-core\1.3\hamcrest-core-1.3.jar;"/>
    <property name="java.vm.vendor" value="Amazon.com Inc."/>
    <property name="sun.arch.data.model" value="64"/>
    <property name="user.variant" value=""/>
    <property name="java.vendor.url" value="https://aws.amazon.com/corretto/"/>
    <property name="user.timezone" value="Asia/Calcutta"/>
    <property name="java.vm.specification.version" value="1.8"/>
    <property name="os.name" value="Windows 11"/>
    <property name="user.country" value="IN"/>
    <property name="sun.java.launcher" value="SUN_STANDARD"/>
    <property name="sun.boot.library.path" value="C:\Users\kanav.chawla\.jdks\corretto-1.8.0_442\jre\bin"/>
    <property name="sun.java.command" value="C:\Users\KANAV~1.CHA\AppData\Local\Temp\surefire7115304833288768577\surefirebooter158274302509715885.jar C:\Users\kanav.chawla\AppData\Local\Temp\surefire7115304833288768577 2025-02-28T12-51-10_025-jvmRun1 surefire4036839208086917681tmp surefire_02787051960710860712tmp"/>
    <property name="surefire.test.class.path" value="C:\Users\kanav.chawla\OneDrive - ION\Desktop\assignment\RailwayReservationSystem\target\test-classes;C:\Users\kanav.chawla\OneDrive - ION\Desktop\assignment\RailwayReservationSystem\target\classes;C:\Users\kanav.chawla\.m2\repository\junit\junit\4.11\junit-4.11.jar;C:\Users\kanav.chawla\.m2\repository\org\hamcrest\hamcrest-core\1.3\hamcrest-core-1.3.jar;"/>
    <property name="sun.cpu.endian" value="little"/>
    <property name="user.home" value="C:\Users\kanav.chawla"/>
    <property name="user.language" value="en"/>
    <property name="java.specification.vendor" value="Oracle Corporation"/>
    <property name="java.home" value="C:\Users\kanav.chawla\.jdks\corretto-1.8.0_442\jre"/>
    <property name="basedir" value="C:\Users\kanav.chawla\OneDrive - ION\Desktop\assignment\RailwayReservationSystem"/>
    <property name="file.separator" value="\"/>
    <property name="line.separator" value="&#10;"/>
    <property name="java.vm.specification.vendor" value="Oracle Corporation"/>
    <property name="java.specification.name" value="Java Platform API Specification"/>
    <property name="java.awt.graphicsenv" value="sun.awt.Win32GraphicsEnvironment"/>
    <property name="surefire.real.class.path" value="C:\Users\KANAV~1.CHA\AppData\Local\Temp\surefire7115304833288768577\surefirebooter158274302509715885.jar"/>
    <property name="sun.boot.class.path" value="C:\Users\kanav.chawla\.jdks\corretto-1.8.0_442\jre\lib\resources.jar;C:\Users\kanav.chawla\.jdks\corretto-1.8.0_442\jre\lib\rt.jar;C:\Users\kanav.chawla\.jdks\corretto-1.8.0_442\jre\lib\sunrsasign.jar;C:\Users\kanav.chawla\.jdks\corretto-1.8.0_442\jre\lib\jsse.jar;C:\Users\kanav.chawla\.jdks\corretto-1.8.0_442\jre\lib\jce.jar;C:\Users\kanav.chawla\.jdks\corretto-1.8.0_442\jre\lib\charsets.jar;C:\Users\kanav.chawla\.jdks\corretto-1.8.0_442\jre\lib\jfr.jar;C:\Users\kanav.chawla\.jdks\corretto-1.8.0_442\jre\classes"/>
    <property name="user.script" value=""/>
    <property name="sun.management.compiler" value="HotSpot 64-Bit Tiered Compilers"/>
    <property name="java.runtime.version" value="1.8.0_442-b06"/>
    <property name="user.name" value="kanav.chawla"/>
    <property name="path.separator" value=";"/>
    <property name="os.version" value="10.0"/>
    <property name="java.endorsed.dirs" value="C:\Users\kanav.chawla\.jdks\corretto-1.8.0_442\jre\lib\endorsed"/>
    <property name="java.runtime.name" value="OpenJDK Runtime Environment"/>
    <property name="file.encoding" value="Cp1252"/>
    <property name="java.vm.name" value="OpenJDK 64-Bit Server VM"/>
    <property name="localRepository" value="C:\Users\kanav.chawla\.m2\repository"/>
    <property name="java.vendor.url.bug" value="https://github.com/corretto/corretto-8/issues/"/>
    <property name="java.io.tmpdir" value="C:\Users\KANAV~1.CHA\AppData\Local\Temp\"/>
    <property name="idea.version" value="2024.3.3"/>
    <property name="java.version" value="1.8.0_442"/>
    <property name="user.dir" value="C:\Users\kanav.chawla\OneDrive - ION\Desktop\assignment\RailwayReservationSystem"/>
    <property name="os.arch" value="amd64"/>
    <property name="java.vm.specification.name" value="Java Virtual Machine Specification"/>
    <property name="java.awt.printerjob" value="sun.awt.windows.WPrinterJob"/>
    <property name="sun.os.patch.level" value=""/>
    <property name="java.library.path" value="C:\Users\kanav.chawla\.jdks\corretto-1.8.0_442\jre\bin;C:\Windows\Sun\Java\bin;C:\Windows\system32;C:\Windows;C:\Program Files\Common Files\Oracle\Java\javapath;C:\Program Files (x86)\Common Files\Oracle\Java\java8path;C:\Program Files (x86)\Common Files\Oracle\Java\javapath;C:\Windows\system32;C:\Windows;C:\Windows\System32\Wbem;C:\Windows\System32\WindowsPowerShell\v1.0\;C:\Windows\System32\OpenSSH\;C:\Program Files\dotnet\;C:\Program Files\Microsoft VS Code\bin;C:\Program Files\Git\cmd;C:\Program Files\nodejs\;C:\Program Files\Docker\Docker\resources\bin;C:\Program Files\Java\jdk-23\bin;C:\Users\kanav.chawla\AppData\Local\Programs\Python\Python312\Scripts\;C:\Users\kanav.chawla\AppData\Local\Programs\Python\Python312\;C:\Users\kanav.chawla\AppData\Local\Programs\Python\Launcher\;C:\Users\kanav.chawla\AppData\Local\Microsoft\WindowsApps;C:\Users\kanav.chawla\AppData\Roaming\npm;C:\Users\kanav.chawla\Downloads\apache-maven-3.9.9-bin\apache-maven-3.9.9\bin;;C:\Program Files\JetBrains\IntelliJ IDEA Community Edition 2024.3.3\bin;;."/>
    <property name="java.vm.info" value="mixed mode"/>
    <property name="java.vendor" value="Amazon.com Inc."/>
    <property name="java.vm.version" value="25.442-b06"/>
    <property name="java.specification.maintenance.version" value="6"/>
    <property name="java.ext.dirs" value="C:\Users\kanav.chawla\.jdks\corretto-1.8.0_442\jre\lib\ext;C:\Windows\Sun\Java\lib\ext"/>
    <property name="sun.io.unicode.encoding" value="UnicodeLittle"/>
    <property name="java.class.version" value="52.0"/>
  </properties>
  <testcase name="shouldAnswerWithTrue" classname="com.ion.AppTest" time="0.002"/>
</testsuite>